app/build/outputs/logs/manifest-merger-debug-report.txt
-- Merging decision tree log ---
manifest
ADDED from src\main\AndroidManifest.xml:22:1-123:12
	xmlns:android
		ADDED from src\main\AndroidManifest.xml:22:11-69
	package
		ADDED from src\main\AndroidManifest.xml:23:5-42
		INJECTED from src\main\AndroidManifest.xml
		INJECTED from src\main\AndroidManifest.xml
uses-sdk
ADDED from src\main\AndroidManifest.xml:25:5-44
MERGED from [com.oguzdev:CircularFloatingActionMenu:1.0.2] AndroidManifest.xml:7:5-9:41
MERGED from [uk.co.chrisjenx:calligraphy:2.2.0] AndroidManifest.xml:7:5-9:41
MERGED from [com.android.support:appcompat-v7:23.1.1] AndroidManifest.xml:20:5-43
MERGED from [com.android.support:support-v4:23.1.1] AndroidManifest.xml:20:5-43
	android:targetSdkVersion
		INJECTED from src\main\AndroidManifest.xml
		INJECTED from src\main\AndroidManifest.xml
	android:minSdkVersion
		ADDED from src\main\AndroidManifest.xml:25:15-41
		INJECTED from src\main\AndroidManifest.xml
		INJECTED from src\main\AndroidManifest.xml
application
ADDED from src\main\AndroidManifest.xml:27:5-121:19
MERGED from [uk.co.chrisjenx:calligraphy:2.2.0] AndroidManifest.xml:11:5-20
MERGED from [com.android.support:appcompat-v7:23.1.1] AndroidManifest.xml:22:5-20
MERGED from [com.android.support:support-v4:23.1.1] AndroidManifest.xml:22:5-20
	android:label
		ADDED from src\main\AndroidManifest.xml:28:9-41
	android:icon
		ADDED from src\main\AndroidManifest.xml:27:18-52
	android:name
		ADDED from src\main\AndroidManifest.xml:29:9-38
provider#com.example.android.notepad.NotePadProvider
ADDED from src\main\AndroidManifest.xml:31:9-35:20
	android:exported
		ADDED from src\main\AndroidManifest.xml:33:13-37
	android:authorities
		ADDED from src\main\AndroidManifest.xml:32:13-62
	android:name
		ADDED from src\main\AndroidManifest.xml:31:19-49
grant-uri-permission
ADDED from src\main\AndroidManifest.xml:34:13-62
	android:pathPattern
		ADDED from src\main\AndroidManifest.xml:34:35-59
activity#com.example.android.notepad.NotesList
ADDED from src\main\AndroidManifest.xml:37:9-56:20
	android:windowSoftInputMode
		ADDED from src\main\AndroidManifest.xml:39:13-52
	android:label
		ADDED from src\main\AndroidManifest.xml:37:44-84
	android:theme
		ADDED from src\main\AndroidManifest.xml:38:13-44
	android:name
		ADDED from src\main\AndroidManifest.xml:37:19-43
intent-filter#android.intent.action.MAIN+android.intent.category.LAUNCHER
ADDED from src\main\AndroidManifest.xml:40:13-43:29
action#android.intent.action.MAIN
ADDED from src\main\AndroidManifest.xml:41:17-69
	android:name
		ADDED from src\main\AndroidManifest.xml:41:25-66
category#android.intent.category.LAUNCHER
ADDED from src\main\AndroidManifest.xml:42:17-77
	android:name
		ADDED from src\main\AndroidManifest.xml:42:27-74
intent-filter#android.intent.action.EDIT+android.intent.action.PICK+android.intent.action.VIEW+android.intent.category.DEFAULT
ADDED from src\main\AndroidManifest.xml:44:13-50:29
action#android.intent.action.VIEW
ADDED from src\main\AndroidManifest.xml:45:17-69
	android:name
		ADDED from src\main\AndroidManifest.xml:45:25-66
action#android.intent.action.EDIT
ADDED from src\main\AndroidManifest.xml:46:17-69
	android:name
		ADDED from src\main\AndroidManifest.xml:46:25-66
action#android.intent.action.PICK
ADDED from src\main\AndroidManifest.xml:47:17-69
	android:name
		ADDED from src\main\AndroidManifest.xml:47:25-66
category#android.intent.category.DEFAULT
ADDED from src\main\AndroidManifest.xml:48:17-76
	android:name
		ADDED from src\main\AndroidManifest.xml:48:27-73
data
ADDED from src\main\AndroidManifest.xml:49:17-83
	android:mimeType
		ADDED from src\main\AndroidManifest.xml:49:23-80
intent-filter#android.intent.action.GET_CONTENT+android.intent.category.DEFAULT
ADDED from src\main\AndroidManifest.xml:51:13-55:29
action#android.intent.action.GET_CONTENT
ADDED from src\main\AndroidManifest.xml:52:17-76
	android:name
		ADDED from src\main\AndroidManifest.xml:52:25-73
activity#com.example.android.notepad.NoteEditor
ADDED from src\main\AndroidManifest.xml:58:9-84:20
	android:screenOrientation
		ADDED from src\main\AndroidManifest.xml:60:13-47
	android:configChanges
		ADDED from src\main\AndroidManifest.xml:61:13-63
	android:theme
		ADDED from src\main\AndroidManifest.xml:59:13-60
	android:name
		ADDED from src\main\AndroidManifest.xml:58:19-44
intent-filter#android.intent.action.EDIT+android.intent.action.VIEW+android.intent.category.DEFAULT+com.android.notepad.action.EDIT_NOTE
ADDED from src\main\AndroidManifest.xml:65:13-71:29
	android:label
		ADDED from src\main\AndroidManifest.xml:65:28-64
action#com.android.notepad.action.EDIT_NOTE
ADDED from src\main\AndroidManifest.xml:68:17-79
	android:name
		ADDED from src\main\AndroidManifest.xml:68:25-76
intent-filter#android.intent.action.INSERT+android.intent.action.PASTE+android.intent.category.DEFAULT
ADDED from src\main\AndroidManifest.xml:77:13-82:29
action#android.intent.action.INSERT
ADDED from src\main\AndroidManifest.xml:78:17-71
	android:name
		ADDED from src\main\AndroidManifest.xml:78:25-68
action#android.intent.action.PASTE
ADDED from src\main\AndroidManifest.xml:79:17-70
	android:name
		ADDED from src\main\AndroidManifest.xml:79:25-67
activity#com.example.android.notepad.TitleEditor
ADDED from src\main\AndroidManifest.xml:86:9-111:20
	android:windowSoftInputMode
		ADDED from src\main\AndroidManifest.xml:90:13-55
	android:label
		ADDED from src\main\AndroidManifest.xml:87:13-53
	android:icon
		ADDED from src\main\AndroidManifest.xml:88:13-50
	android:theme
		ADDED from src\main\AndroidManifest.xml:89:13-61
	android:name
		ADDED from src\main\AndroidManifest.xml:86:19-45
intent-filter#android.intent.category.ALTERNATIVE+android.intent.category.DEFAULT+android.intent.category.SELECTED_ALTERNATIVE+com.android.notepad.action.EDIT_TITLE
ADDED from src\main\AndroidManifest.xml:95:13-110:29
	android:label
		ADDED from src\main\AndroidManifest.xml:95:28-65
action#com.android.notepad.action.EDIT_TITLE
ADDED from src\main\AndroidManifest.xml:99:17-80
	android:name
		ADDED from src\main\AndroidManifest.xml:99:25-77
category#android.intent.category.ALTERNATIVE
ADDED from src\main\AndroidManifest.xml:104:17-80
	android:name
		ADDED from src\main\AndroidManifest.xml:104:27-77
category#android.intent.category.SELECTED_ALTERNATIVE
ADDED from src\main\AndroidManifest.xml:107:17-89
	android:name
		ADDED from src\main\AndroidManifest.xml:107:27-86
activity#com.example.android.notepad.NotesLiveFolder
ADDED from src\main\AndroidManifest.xml:113:9-119:20
	android:label
		ADDED from src\main\AndroidManifest.xml:113:50-90
	android:icon
		ADDED from src\main\AndroidManifest.xml:114:13-55
	android:name
		ADDED from src\main\AndroidManifest.xml:113:19-49
intent-filter#android.intent.action.CREATE_LIVE_FOLDER+android.intent.category.DEFAULT
ADDED from src\main\AndroidManifest.xml:115:13-118:29
action#android.intent.action.CREATE_LIVE_FOLDER
ADDED from src\main\AndroidManifest.xml:116:17-83
	android:name
		ADDED from src\main\AndroidManifest.xml:116:25-80